2024-09-04 12:05:43,040 - ### I N Í C I O ###
2024-09-04 12:05:43,043 - ----------------------------------------
2024-09-04 12:05:43,043 - Executando: python3 ph_paid_users.py
2024-09-04 12:06:06,522 - -----------
2024-09-04 12:06:06,524 - Executando: python3 ph_overview.py
2024-09-04 12:06:23,950 - -----------
2024-09-04 12:06:23,950 - Executando: python3 ph_rd_lp_pageviews.py
2024-09-04 12:06:29,931 - -----------
2024-09-04 12:06:29,931 - Executando: python3 rd_station_all_deals.py
2024-09-04 12:08:28,071 - -----------
2024-09-04 12:08:28,071 - Executando: python3 rd_station_BDR_deals.py
2024-09-04 12:08:30,536 - -----------
2024-09-04 12:08:30,536 - Executando: python3 trello.py
2024-09-04 12:09:26,961 - -----------
2024-09-04 12:09:26,964 - Tempo total de execução do loop: 223.92 segundos
2024-09-04 12:09:26,964 - Horário de término do loop: 12:09:26
2024-09-04 12:09:26,965 - ----------------------------------------
2024-09-04 12:09:26,965 - ### F I M ###
2024-09-04 13:09:27,001 - ### I N Í C I O ###
2024-09-04 13:09:27,016 - ----------------------------------------
2024-09-04 13:09:27,016 - Executando: python3 ph_paid_users.py
2024-09-04 13:09:54,310 - -----------
2024-09-04 13:09:54,311 - Executando: python3 ph_overview.py
2024-09-04 13:10:12,861 - -----------
2024-09-04 13:10:12,861 - Executando: python3 ph_rd_lp_pageviews.py
2024-09-04 13:10:17,478 - -----------
2024-09-04 13:10:17,478 - Executando: python3 rd_station_all_deals.py
2024-09-04 13:12:12,373 - -----------
2024-09-04 13:12:12,373 - Executando: python3 rd_station_BDR_deals.py
2024-09-04 13:12:14,956 - -----------
2024-09-04 13:12:14,958 - Executando: python3 trello.py
2024-09-04 13:13:11,057 - -----------
2024-09-04 13:13:11,057 - Tempo total de execução do loop: 224.04 segundos
2024-09-04 13:13:11,057 - Horário de término do loop: 13:13:11
2024-09-04 13:13:11,057 - ----------------------------------------
2024-09-04 13:13:11,057 - ### F I M ###
2024-09-04 13:13:52,434 - Script interrompido pelo usuário.
