2024-09-05 10:27:48,049 - ### I N Í C I O ###
2024-09-05 10:27:48,049 - ----------------------------------------
2024-09-05 10:27:48,049 - Executando: python3 ph_paid_users_local.py
2024-09-05 10:27:56,269 - -----------
2024-09-05 10:27:56,270 - Executando: python3 ph_overview_local.py
2024-09-05 10:28:08,618 - -----------
2024-09-05 10:28:08,619 - Executando: python3 ph_rd_lp_pageviews_local.py
2024-09-05 10:28:12,460 - -----------
2024-09-05 10:28:12,460 - Executando: python3 rd_station_all_deals_local.py
2024-09-05 10:29:04,219 - -----------
2024-09-05 10:29:04,219 - Executando: python3 rd_station_BDR_deals_local.py
2024-09-05 10:29:05,744 - -----------
2024-09-05 10:29:05,744 - Executando: python3 trello_local.py
2024-09-05 10:30:08,023 - -----------
2024-09-05 10:30:08,035 - Tempo total de execução do loop: 139.97 segundos
2024-09-05 10:30:08,036 - Horário de término do loop: 10:30:08
2024-09-05 10:30:08,036 - ----------------------------------------
2024-09-05 10:30:08,036 - ### F I M ###
2024-09-05 10:32:17,968 - Script interrompido pelo usuário.
2024-09-05 11:07:51,384 - ### I N Í C I O ###
2024-09-05 11:07:51,394 - ----------------------------------------
2024-09-05 11:07:51,394 - Executando: python ph_paid_users_local.py
2024-09-05 11:08:19,793 - -----------
2024-09-05 11:08:20,071 - Executando: python ph_overview_local.py
2024-09-05 11:09:23,184 - -----------
2024-09-05 11:09:23,245 - Executando: python ph_rd_lp_pageviews_local.py
2024-09-05 11:09:35,984 - -----------
2024-09-05 11:09:36,000 - Executando: python rd_station_all_deals_local.py
2024-09-05 11:10:27,045 - -----------
2024-09-05 11:10:27,190 - Executando: python rd_station_BDR_deals_local.py
2024-09-05 11:10:31,064 - -----------
2024-09-05 11:10:31,066 - Executando: python trello_local.py
2024-09-05 11:10:33,551 - -----------
2024-09-05 11:10:33,566 - Tempo total de execução do loop: 162.16 segundos
2024-09-05 11:10:33,586 - Horário de término do loop: 11:10:33
2024-09-05 11:10:33,587 - ----------------------------------------
2024-09-05 11:10:33,588 - ### F I M ###
<<<<<<< HEAD
2024-09-05 11:12:51,352 - Script interrompido pelo usuário.
=======
2024-09-05 11:12:43,488 - ### I N Í C I O ###
2024-09-05 11:12:43,490 - ----------------------------------------
2024-09-05 11:12:43,490 - Executando: python ph_paid_users_local.py
2024-09-05 11:13:10,602 - -----------
2024-09-05 11:13:10,602 - Executando: python ph_overview_local.py
2024-09-05 11:13:29,518 - -----------
2024-09-05 11:13:29,518 - Executando: python ph_rd_lp_pageviews_local.py
2024-09-05 11:13:32,653 - -----------
2024-09-05 11:13:32,653 - Executando: python rd_station_all_deals_local.py
2024-09-05 11:14:21,049 - -----------
2024-09-05 11:14:21,049 - Executando: python rd_station_BDR_deals_local.py
2024-09-05 11:14:22,430 - -----------
2024-09-05 11:14:22,431 - Executando: python trello_local.py
2024-09-05 11:15:24,064 - -----------
2024-09-05 11:15:24,064 - Tempo total de execução do loop: 160.57 segundos
2024-09-05 11:15:24,064 - Horário de término do loop: 11:15:24
2024-09-05 11:15:24,064 - ----------------------------------------
2024-09-05 11:15:24,064 - ### F I M ###
>>>>>>> 299c11090ef8f50ac6833898885dda01494b2618
